13:59:49,783  INFO Util:31 - Util.conectar - lendo arquivo util.properties: 
13:59:49,785  INFO Util:38 - sgbd => postgresql
13:59:49,786  INFO Util:39 - banco => locadora
13:59:49,787  INFO Util:40 - ip => localhost
13:59:49,787  INFO Util:45 - configurando postgresql
13:59:49,876 DEBUG logging:38 - Logging Provider: org.jboss.logging.Log4jLoggerProvider
13:59:49,983  INFO LogHelper:31 - HHH000204: Processing PersistenceUnitInfo [name: hibernate-postgresql]
13:59:50,028  INFO Version:44 - HHH000412: Hibernate ORM core version 6.3.1.Final
13:59:50,062 DEBUG RegionFactoryInitiator:122 - Cannot default RegionFactory based on registered strategies as `[]` RegionFactory strategies were registered
13:59:50,063  INFO RegionFactoryInitiator:50 - HHH000026: Second-level cache disabled
13:59:50,351  WARN pooling:80 - HHH10001002: Using built-in connection pool (not intended for production use)
13:59:50,356  INFO pooling:135 - HHH10001005: Loaded JDBC driver class: org.postgresql.Driver
13:59:50,356  INFO pooling:157 - HHH10001012: Connecting with JDBC URL [jdbc:postgresql://localhost:5432/locadora]
13:59:50,356  INFO pooling:166 - HHH10001001: Connection properties: {password=****, user=postgres}
13:59:50,357  INFO pooling:170 - HHH10001003: Autocommit mode: false
13:59:50,359  INFO pooling:366 - HHH10001115: Connection pool size: 20 (min=1)
13:59:50,738  WARN deprecation:152 - HHH90000025: PostgreSQLDialect does not need to be specified explicitly using 'hibernate.dialect' (remove the property setting and it will be selected by default)
13:59:51,842  INFO JtaPlatformInitiator:58 - HHH000489: No JTA platform available (set 'hibernate.transaction.jta.platform' to enable JTA platform integration)
13:59:51,859  INFO access:52 - HHH10001501: Connection obtained from JdbcConnectionAccess [org.hibernate.engine.jdbc.env.internal.JdbcEnvironmentInitiator$ConnectionProviderJdbcConnectionAccess@5c134052] for (non-JTA) DDL execution was not in auto-commit mode; the Connection 'local transaction' will be committed and the Connection will be set into auto-commit mode.
13:59:51,893 DEBUG SQL:135 - create table Aluguel (id serial not null, datafim varchar(255), datainicio varchar(255), diaria float(53) not null, finalizado boolean not null, carro_placa varchar(255), cliente_cpf varchar(255), primary key (id))
13:59:51,925 DEBUG SQL:135 - create table Carro (placa varchar(255) not null, alugado boolean not null, modelo varchar(255), primary key (placa))
13:59:51,946 DEBUG SQL:135 - create table Cliente (cpf varchar(255) not null, nome varchar(255), primary key (cpf))
13:59:51,962 DEBUG SQL:135 - create table Usuario (nome varchar(255) not null, senha varchar(255), primary key (nome))
13:59:51,985 DEBUG SQL:135 - alter table if exists Aluguel add constraint FK6llliqraw4ddjtdmitn3pfqxl foreign key (carro_placa) references Carro
13:59:51,996 DEBUG SQL:135 - alter table if exists Aluguel add constraint FKmcn8rc9glc0npbn94ccctc7ho foreign key (cliente_cpf) references Cliente
13:59:52,601 DEBUG SQL:135 - select c1_0.placa,c1_0.alugado,c1_0.modelo from Carro c1_0 where c1_0.placa=?
13:59:52,601 TRACE bind:24 - binding parameter (1:VARCHAR) <- [AAA1000]
13:59:52,628 DEBUG SQL:135 - insert into Carro (alugado,modelo,placa) values (?,?,?)
13:59:52,632 TRACE bind:24 - binding parameter (1:BOOLEAN) <- [false]
13:59:52,632 TRACE bind:24 - binding parameter (2:VARCHAR) <- [palio]
13:59:52,633 TRACE bind:24 - binding parameter (3:VARCHAR) <- [AAA1000]
13:59:52,642 DEBUG SQL:135 - select c1_0.placa,c1_0.alugado,c1_0.modelo from Carro c1_0 where c1_0.placa=?
13:59:52,643 TRACE bind:24 - binding parameter (1:VARCHAR) <- [BBB2000]
13:59:52,644 DEBUG SQL:135 - insert into Carro (alugado,modelo,placa) values (?,?,?)
13:59:52,644 TRACE bind:24 - binding parameter (1:BOOLEAN) <- [false]
13:59:52,645 TRACE bind:24 - binding parameter (2:VARCHAR) <- [onix]
13:59:52,645 TRACE bind:24 - binding parameter (3:VARCHAR) <- [BBB2000]
13:59:52,647 DEBUG SQL:135 - select c1_0.placa,c1_0.alugado,c1_0.modelo from Carro c1_0 where c1_0.placa=?
13:59:52,647 TRACE bind:24 - binding parameter (1:VARCHAR) <- [CCC3000]
13:59:52,648 DEBUG SQL:135 - insert into Carro (alugado,modelo,placa) values (?,?,?)
13:59:52,649 TRACE bind:24 - binding parameter (1:BOOLEAN) <- [false]
13:59:52,649 TRACE bind:24 - binding parameter (2:VARCHAR) <- [civic]
13:59:52,649 TRACE bind:24 - binding parameter (3:VARCHAR) <- [CCC3000]
13:59:52,656 DEBUG SQL:135 - select c1_0.cpf,c1_0.nome from Cliente c1_0 where c1_0.cpf=?
13:59:52,656 TRACE bind:24 - binding parameter (1:VARCHAR) <- [1111]
13:59:52,658 DEBUG SQL:135 - insert into Cliente (nome,cpf) values (?,?)
13:59:52,658 TRACE bind:24 - binding parameter (1:VARCHAR) <- [joao]
13:59:52,658 TRACE bind:24 - binding parameter (2:VARCHAR) <- [1111]
13:59:52,661 DEBUG SQL:135 - select c1_0.cpf,c1_0.nome from Cliente c1_0 where c1_0.cpf=?
13:59:52,661 TRACE bind:24 - binding parameter (1:VARCHAR) <- [2222]
13:59:52,662 DEBUG SQL:135 - insert into Cliente (nome,cpf) values (?,?)
13:59:52,663 TRACE bind:24 - binding parameter (1:VARCHAR) <- [maria]
13:59:52,663 TRACE bind:24 - binding parameter (2:VARCHAR) <- [2222]
13:59:52,667 DEBUG SQL:135 - select c1_0.cpf,c1_0.nome from Cliente c1_0 where c1_0.cpf=?
13:59:52,668 TRACE bind:24 - binding parameter (1:VARCHAR) <- [3333]
13:59:52,669 DEBUG SQL:135 - insert into Cliente (nome,cpf) values (?,?)
13:59:52,669 TRACE bind:24 - binding parameter (1:VARCHAR) <- [jose]
13:59:52,670 TRACE bind:24 - binding parameter (2:VARCHAR) <- [3333]
13:59:52,674 DEBUG SQL:135 - select c1_0.placa,c1_0.alugado,c1_0.modelo from Carro c1_0 where c1_0.placa=?
13:59:52,675 TRACE bind:24 - binding parameter (1:VARCHAR) <- [AAA1000]
13:59:52,686 DEBUG SQL:135 - select c1_0.cpf,c1_0.nome from Cliente c1_0 where c1_0.cpf=?
13:59:52,687 TRACE bind:24 - binding parameter (1:VARCHAR) <- [1111]
13:59:52,691 DEBUG SQL:135 - insert into Aluguel (carro_placa,cliente_cpf,datafim,datainicio,diaria,finalizado) values (?,?,?,?,?,?)
13:59:52,691 TRACE bind:24 - binding parameter (1:VARCHAR) <- [AAA1000]
13:59:52,691 TRACE bind:24 - binding parameter (2:VARCHAR) <- [1111]
13:59:52,692 TRACE bind:24 - binding parameter (3:VARCHAR) <- [10/05/2022]
13:59:52,692 TRACE bind:24 - binding parameter (4:VARCHAR) <- [01/05/2022]
13:59:52,693 TRACE bind:24 - binding parameter (5:DOUBLE) <- [100.0]
13:59:52,695 TRACE bind:24 - binding parameter (6:BOOLEAN) <- [false]
13:59:52,709 DEBUG SQL:135 - update Carro set alugado=?,modelo=? where placa=?
13:59:52,710 TRACE bind:24 - binding parameter (1:BOOLEAN) <- [true]
13:59:52,710 TRACE bind:24 - binding parameter (2:VARCHAR) <- [palio]
13:59:52,710 TRACE bind:24 - binding parameter (3:VARCHAR) <- [AAA1000]
13:59:52,715 DEBUG SQL:135 - select c1_0.placa,c1_0.alugado,c1_0.modelo from Carro c1_0 where c1_0.placa=?
13:59:52,715 TRACE bind:24 - binding parameter (1:VARCHAR) <- [BBB2000]
13:59:52,716 DEBUG SQL:135 - select c1_0.cpf,c1_0.nome from Cliente c1_0 where c1_0.cpf=?
13:59:52,717 TRACE bind:24 - binding parameter (1:VARCHAR) <- [2222]
13:59:52,718 DEBUG SQL:135 - insert into Aluguel (carro_placa,cliente_cpf,datafim,datainicio,diaria,finalizado) values (?,?,?,?,?,?)
13:59:52,719 TRACE bind:24 - binding parameter (1:VARCHAR) <- [BBB2000]
13:59:52,719 TRACE bind:24 - binding parameter (2:VARCHAR) <- [2222]
13:59:52,719 TRACE bind:24 - binding parameter (3:VARCHAR) <- [10/05/2022]
13:59:52,719 TRACE bind:24 - binding parameter (4:VARCHAR) <- [01/05/2022]
13:59:52,719 TRACE bind:24 - binding parameter (5:DOUBLE) <- [200.0]
13:59:52,719 TRACE bind:24 - binding parameter (6:BOOLEAN) <- [false]
13:59:52,721 DEBUG SQL:135 - update Carro set alugado=?,modelo=? where placa=?
13:59:52,721 TRACE bind:24 - binding parameter (1:BOOLEAN) <- [true]
13:59:52,722 TRACE bind:24 - binding parameter (2:VARCHAR) <- [onix]
13:59:52,722 TRACE bind:24 - binding parameter (3:VARCHAR) <- [BBB2000]
13:59:52,723 DEBUG SQL:135 - select c1_0.placa,c1_0.alugado,c1_0.modelo from Carro c1_0 where c1_0.placa=?
13:59:52,724 TRACE bind:24 - binding parameter (1:VARCHAR) <- [CCC3000]
13:59:52,725 DEBUG SQL:135 - select c1_0.cpf,c1_0.nome from Cliente c1_0 where c1_0.cpf=?
13:59:52,725 TRACE bind:24 - binding parameter (1:VARCHAR) <- [2222]
13:59:52,727 DEBUG SQL:135 - insert into Aluguel (carro_placa,cliente_cpf,datafim,datainicio,diaria,finalizado) values (?,?,?,?,?,?)
13:59:52,727 TRACE bind:24 - binding parameter (1:VARCHAR) <- [CCC3000]
13:59:52,727 TRACE bind:24 - binding parameter (2:VARCHAR) <- [2222]
13:59:52,727 TRACE bind:24 - binding parameter (3:VARCHAR) <- [10/05/2022]
13:59:52,727 TRACE bind:24 - binding parameter (4:VARCHAR) <- [01/05/2022]
13:59:52,728 TRACE bind:24 - binding parameter (5:DOUBLE) <- [300.0]
13:59:52,728 TRACE bind:24 - binding parameter (6:BOOLEAN) <- [false]
13:59:52,729 DEBUG SQL:135 - update Carro set alugado=?,modelo=? where placa=?
13:59:52,730 TRACE bind:24 - binding parameter (1:BOOLEAN) <- [true]
13:59:52,730 TRACE bind:24 - binding parameter (2:VARCHAR) <- [civic]
13:59:52,730 TRACE bind:24 - binding parameter (3:VARCHAR) <- [CCC3000]
13:59:52,732  INFO pooling:601 - HHH10001008: Cleaning up connection pool [jdbc:postgresql://localhost:5432/locadora]
